<?xml version="1.0" encoding="UTF-8"?>
<testng-results skipped="0" failed="0" total="1" passed="1">
  <reporter-output>
  </reporter-output>
  <suite name="Default suite" duration-ms="6230" started-at="2017-01-31T04:22:14Z" finished-at="2017-01-31T04:22:20Z">
    <groups>
    </groups>
    <test name="Default test" duration-ms="6230" started-at="2017-01-31T04:22:14Z" finished-at="2017-01-31T04:22:20Z">
      <class name="com.test.Test1">
        <test-method status="PASS" signature="setUp(java.lang.String)[pri:0, instance:com.test.Test1@737996a0]" name="setUp" is-config="true" duration-ms="4172" started-at="2017-01-31T09:52:14Z" finished-at="2017-01-31T09:52:18Z">
          <params>
            <param index="0">
              <value>
                <![CDATA[chrome]]>
              </value>
            </param>
          </params>
          <reporter-output>
          </reporter-output>
        </test-method> <!-- setUp -->
        <test-method status="PASS" signature="login()[pri:0, instance:com.test.Test1@737996a0]" name="login" duration-ms="2046" started-at="2017-01-31T09:52:18Z" finished-at="2017-01-31T09:52:20Z">
          <reporter-output>
          </reporter-output>
        </test-method> <!-- login -->
      </class> <!-- com.test.Test1 -->
    </test> <!-- Default test -->
  </suite> <!-- Default suite -->
</testng-results>
